d:\gamedev\sdl2-2.0.4\visualc\sdl\x64\debug\sdl_atomic.obj
d:\gamedev\sdl2-2.0.4\visualc\sdl\x64\debug\sdl_assert.obj
d:\gamedev\sdl2-2.0.4\visualc\sdl\x64\debug\sdl.obj
d:\gamedev\sdl2-2.0.4\visualc\sdl\x64\debug\s_tan.obj
d:\gamedev\sdl2-2.0.4\visualc\sdl\x64\debug\s_sin.obj
d:\gamedev\sdl2-2.0.4\visualc\sdl\x64\debug\s_scalbn.obj
d:\gamedev\sdl2-2.0.4\visualc\sdl\x64\debug\s_floor.obj
d:\gamedev\sdl2-2.0.4\visualc\sdl\x64\debug\s_fabs.obj
d:\gamedev\sdl2-2.0.4\visualc\sdl\x64\debug\s_cos.obj
d:\gamedev\sdl2-2.0.4\visualc\sdl\x64\debug\s_copysign.obj
d:\gamedev\sdl2-2.0.4\visualc\sdl\x64\debug\s_atan.obj
d:\gamedev\sdl2-2.0.4\visualc\sdl\x64\debug\k_tan.obj
d:\gamedev\sdl2-2.0.4\visualc\sdl\x64\debug\k_sin.obj
d:\gamedev\sdl2-2.0.4\visualc\sdl\x64\debug\k_rem_pio2.obj
d:\gamedev\sdl2-2.0.4\visualc\sdl\x64\debug\k_cos.obj
d:\gamedev\sdl2-2.0.4\visualc\sdl\x64\debug\e_sqrt.obj
d:\gamedev\sdl2-2.0.4\visualc\sdl\x64\debug\e_rem_pio2.obj
d:\gamedev\sdl2-2.0.4\visualc\sdl\x64\debug\e_pow.obj
d:\gamedev\sdl2-2.0.4\visualc\sdl\x64\debug\e_log.obj
d:\gamedev\sdl2-2.0.4\visualc\sdl\x64\debug\e_atan2.obj
d:\gamedev\sdl2-2.0.4\visualc\sdl\x64\debug\sdl_d3dmath.obj
d:\gamedev\sdl2-2.0.4\visualc\sdl\x64\debug\sdl_cpuinfo.obj
d:\gamedev\sdl2-2.0.4\visualc\sdl\x64\debug\sdl_clipboardevents.obj
d:\gamedev\sdl2-2.0.4\visualc\sdl\x64\debug\sdl_clipboard.obj
d:\gamedev\sdl2-2.0.4\visualc\sdl\x64\debug\sdl_bmp.obj
d:\gamedev\sdl2-2.0.4\visualc\sdl\x64\debug\sdl_blit_slow.obj
d:\gamedev\sdl2-2.0.4\visualc\sdl\x64\debug\sdl_blit_n.obj
d:\gamedev\sdl2-2.0.4\visualc\sdl\x64\debug\sdl_blit_copy.obj
d:\gamedev\sdl2-2.0.4\visualc\sdl\x64\debug\sdl_blit_auto.obj
d:\gamedev\sdl2-2.0.4\visualc\sdl\x64\debug\sdl_blit_a.obj
d:\gamedev\sdl2-2.0.4\visualc\sdl\x64\debug\sdl_blit_1.obj
d:\gamedev\sdl2-2.0.4\visualc\sdl\x64\debug\sdl_blit_0.obj
d:\gamedev\sdl2-2.0.4\visualc\sdl\x64\debug\sdl_blit.obj
d:\gamedev\sdl2-2.0.4\visualc\sdl\x64\debug\sdl_blendpoint.obj
d:\gamedev\sdl2-2.0.4\visualc\sdl\x64\debug\sdl_blendline.obj
d:\gamedev\sdl2-2.0.4\visualc\sdl\x64\debug\sdl_blendfillrect.obj
d:\gamedev\sdl2-2.0.4\visualc\sdl\x64\debug\sdl_audiotypecvt.obj
d:\gamedev\sdl2-2.0.4\visualc\sdl\x64\debug\sdl_audiodev.obj
d:\gamedev\sdl2-2.0.4\visualc\sdl\x64\debug\sdl_audiocvt.obj
d:\gamedev\sdl2-2.0.4\visualc\sdl\x64\debug\sdl_audio.obj
d:\gamedev\sdl2-2.0.4\visualc\sdl\x64\debug\sdl_joystick.obj
d:\gamedev\sdl2-2.0.4\visualc\sdl\x64\debug\sdl_iconv.obj
d:\gamedev\sdl2-2.0.4\visualc\sdl\x64\debug\sdl_hints.obj
d:\gamedev\sdl2-2.0.4\visualc\sdl\x64\debug\sdl_haptic.obj
d:\gamedev\sdl2-2.0.4\visualc\sdl\x64\debug\sdl_getenv.obj
d:\gamedev\sdl2-2.0.4\visualc\sdl\x64\debug\sdl_gesture.obj
d:\gamedev\sdl2-2.0.4\visualc\sdl\x64\debug\sdl_gamecontroller.obj
d:\gamedev\sdl2-2.0.4\visualc\sdl\x64\debug\sdl_fillrect.obj
d:\gamedev\sdl2-2.0.4\visualc\sdl\x64\debug\sdl_events.obj
d:\gamedev\sdl2-2.0.4\visualc\sdl\x64\debug\sdl_error.obj
d:\gamedev\sdl2-2.0.4\visualc\sdl\x64\debug\sdl_egl.obj
d:\gamedev\sdl2-2.0.4\visualc\sdl\x64\debug\sdl_dynapi.obj
d:\gamedev\sdl2-2.0.4\visualc\sdl\x64\debug\sdl_dummyaudio.obj
d:\gamedev\sdl2-2.0.4\visualc\sdl\x64\debug\sdl_dropevents.obj
d:\gamedev\sdl2-2.0.4\visualc\sdl\x64\debug\sdl_drawpoint.obj
d:\gamedev\sdl2-2.0.4\visualc\sdl\x64\debug\sdl_drawline.obj
d:\gamedev\sdl2-2.0.4\visualc\sdl\x64\debug\sdl_diskaudio.obj
d:\gamedev\sdl2-2.0.4\visualc\sdl\x64\debug\sdl_directsound.obj
d:\gamedev\sdl2-2.0.4\visualc\sdl\x64\debug\sdl_dinputjoystick.obj
d:\gamedev\sdl2-2.0.4\visualc\sdl\x64\debug\sdl_dinputhaptic.obj
d:\gamedev\sdl2-2.0.4\visualc\sdl\x64\debug\sdl_render_sw.obj
d:\gamedev\sdl2-2.0.4\visualc\sdl\x64\debug\sdl_render_gles2.obj
d:\gamedev\sdl2-2.0.4\visualc\sdl\x64\debug\sdl_render_gl.obj
d:\gamedev\sdl2-2.0.4\visualc\sdl\x64\debug\sdl_render_d3d11.obj
d:\gamedev\sdl2-2.0.4\visualc\sdl\x64\debug\sdl_render_d3d.obj
d:\gamedev\sdl2-2.0.4\visualc\sdl\x64\debug\sdl_render.obj
d:\gamedev\sdl2-2.0.4\visualc\sdl\x64\debug\sdl_rect.obj
d:\gamedev\sdl2-2.0.4\visualc\sdl\x64\debug\sdl_quit.obj
d:\gamedev\sdl2-2.0.4\visualc\sdl\x64\debug\sdl_qsort.obj
d:\gamedev\sdl2-2.0.4\visualc\sdl\x64\debug\sdl_power.obj
d:\gamedev\sdl2-2.0.4\visualc\sdl\x64\debug\sdl_pixels.obj
d:\gamedev\sdl2-2.0.4\visualc\sdl\x64\debug\sdl_nullvideo.obj
d:\gamedev\sdl2-2.0.4\visualc\sdl\x64\debug\sdl_nullframebuffer.obj
d:\gamedev\sdl2-2.0.4\visualc\sdl\x64\debug\sdl_nullevents.obj
d:\gamedev\sdl2-2.0.4\visualc\sdl\x64\debug\sdl_mouse.obj
d:\gamedev\sdl2-2.0.4\visualc\sdl\x64\debug\sdl_mmjoystick.obj
d:\gamedev\sdl2-2.0.4\visualc\sdl\x64\debug\sdl_mixer.obj
d:\gamedev\sdl2-2.0.4\visualc\sdl\x64\debug\sdl_malloc.obj
d:\gamedev\sdl2-2.0.4\visualc\sdl\x64\debug\sdl_log.obj
d:\gamedev\sdl2-2.0.4\visualc\sdl\x64\debug\sdl_keyboard.obj
d:\gamedev\sdl2-2.0.4\visualc\sdl\x64\debug\sdl_systls.obj
d:\gamedev\sdl2-2.0.4\visualc\sdl\x64\debug\sdl_systimer.obj
d:\gamedev\sdl2-2.0.4\visualc\sdl\x64\debug\sdl_systhread.obj
d:\gamedev\sdl2-2.0.4\visualc\sdl\x64\debug\sdl_syssem.obj
d:\gamedev\sdl2-2.0.4\visualc\sdl\x64\debug\sdl_syspower.obj
d:\gamedev\sdl2-2.0.4\visualc\sdl\x64\debug\sdl_sysmutex.obj
d:\gamedev\sdl2-2.0.4\visualc\sdl\x64\debug\sdl_sysloadso.obj
d:\gamedev\sdl2-2.0.4\visualc\sdl\x64\debug\sdl_sysfilesystem.obj
d:\gamedev\sdl2-2.0.4\visualc\sdl\x64\debug\sdl_syscond.obj
d:\gamedev\sdl2-2.0.4\visualc\sdl\x64\debug\sdl_surface.obj
d:\gamedev\sdl2-2.0.4\visualc\sdl\x64\debug\sdl_string.obj
d:\gamedev\sdl2-2.0.4\visualc\sdl\x64\debug\sdl_stretch.obj
d:\gamedev\sdl2-2.0.4\visualc\sdl\x64\debug\sdl_stdlib.obj
d:\gamedev\sdl2-2.0.4\visualc\sdl\x64\debug\sdl_spinlock.obj
d:\gamedev\sdl2-2.0.4\visualc\sdl\x64\debug\sdl_shape.obj
d:\gamedev\sdl2-2.0.4\visualc\sdl\x64\debug\sdl_shaders_gles2.obj
d:\gamedev\sdl2-2.0.4\visualc\sdl\x64\debug\sdl_shaders_gl.obj
d:\gamedev\sdl2-2.0.4\visualc\sdl\x64\debug\sdl_rwops.obj
d:\gamedev\sdl2-2.0.4\visualc\sdl\x64\debug\sdl_rotate.obj
d:\gamedev\sdl2-2.0.4\visualc\sdl\x64\debug\sdl_rleaccel.obj
d:\gamedev\sdl2-2.0.4\visualc\sdl\x64\debug\sdl_windowsvideo.obj
d:\gamedev\sdl2-2.0.4\visualc\sdl\x64\debug\sdl_windowsshape.obj
d:\gamedev\sdl2-2.0.4\visualc\sdl\x64\debug\sdl_windowsopengles.obj
d:\gamedev\sdl2-2.0.4\visualc\sdl\x64\debug\sdl_windowsopengl.obj
d:\gamedev\sdl2-2.0.4\visualc\sdl\x64\debug\sdl_windowsmouse.obj
d:\gamedev\sdl2-2.0.4\visualc\sdl\x64\debug\sdl_windowsmodes.obj
d:\gamedev\sdl2-2.0.4\visualc\sdl\x64\debug\sdl_windowsmessagebox.obj
d:\gamedev\sdl2-2.0.4\visualc\sdl\x64\debug\sdl_windowskeyboard.obj
d:\gamedev\sdl2-2.0.4\visualc\sdl\x64\debug\sdl_windowsjoystick.obj
d:\gamedev\sdl2-2.0.4\visualc\sdl\x64\debug\sdl_windowshaptic.obj
d:\gamedev\sdl2-2.0.4\visualc\sdl\x64\debug\sdl_windowsframebuffer.obj
d:\gamedev\sdl2-2.0.4\visualc\sdl\x64\debug\sdl_windowsevents.obj
d:\gamedev\sdl2-2.0.4\visualc\sdl\x64\debug\sdl_windowsclipboard.obj
d:\gamedev\sdl2-2.0.4\visualc\sdl\x64\debug\sdl_windows.obj
d:\gamedev\sdl2-2.0.4\visualc\sdl\x64\debug\sdl_windowevents.obj
d:\gamedev\sdl2-2.0.4\visualc\sdl\x64\debug\sdl_wave.obj
d:\gamedev\sdl2-2.0.4\visualc\sdl\x64\debug\sdl_video.obj
d:\gamedev\sdl2-2.0.4\visualc\sdl\x64\debug\sdl_touch.obj
d:\gamedev\sdl2-2.0.4\visualc\sdl\x64\debug\sdl_timer.obj
d:\gamedev\sdl2-2.0.4\visualc\sdl\x64\debug\sdl_thread.obj
d:\gamedev\sdl2-2.0.4\visualc\sdl\x64\debug\sdl_yuv_sw.obj
d:\gamedev\sdl2-2.0.4\visualc\sdl\x64\debug\sdl_yuv_mmx.obj
d:\gamedev\sdl2-2.0.4\visualc\sdl\x64\debug\sdl_xinputjoystick.obj
d:\gamedev\sdl2-2.0.4\visualc\sdl\x64\debug\sdl_xinputhaptic.obj
d:\gamedev\sdl2-2.0.4\visualc\sdl\x64\debug\sdl_xinput.obj
d:\gamedev\sdl2-2.0.4\visualc\sdl\x64\debug\sdl_xaudio2.obj
d:\gamedev\sdl2-2.0.4\visualc\sdl\x64\debug\sdl_winmm.obj
d:\gamedev\sdl2-2.0.4\visualc\sdl\x64\debug\sdl_windowswindow.obj
d:\github\anima-engine\dependencies\sdl2-2.0.4\visualc\sdl\x64\debug\sdl_atomic.obj
d:\github\anima-engine\dependencies\sdl2-2.0.4\visualc\sdl\x64\debug\sdl_assert.obj
d:\github\anima-engine\dependencies\sdl2-2.0.4\visualc\sdl\x64\debug\sdl.obj
d:\github\anima-engine\dependencies\sdl2-2.0.4\visualc\sdl\x64\debug\s_tan.obj
d:\github\anima-engine\dependencies\sdl2-2.0.4\visualc\sdl\x64\debug\s_sin.obj
d:\github\anima-engine\dependencies\sdl2-2.0.4\visualc\sdl\x64\debug\s_scalbn.obj
d:\github\anima-engine\dependencies\sdl2-2.0.4\visualc\sdl\x64\debug\s_floor.obj
d:\github\anima-engine\dependencies\sdl2-2.0.4\visualc\sdl\x64\debug\s_fabs.obj
d:\github\anima-engine\dependencies\sdl2-2.0.4\visualc\sdl\x64\debug\s_cos.obj
d:\github\anima-engine\dependencies\sdl2-2.0.4\visualc\sdl\x64\debug\s_copysign.obj
d:\github\anima-engine\dependencies\sdl2-2.0.4\visualc\sdl\x64\debug\s_atan.obj
d:\github\anima-engine\dependencies\sdl2-2.0.4\visualc\sdl\x64\debug\k_tan.obj
d:\github\anima-engine\dependencies\sdl2-2.0.4\visualc\sdl\x64\debug\k_sin.obj
d:\github\anima-engine\dependencies\sdl2-2.0.4\visualc\sdl\x64\debug\k_rem_pio2.obj
d:\github\anima-engine\dependencies\sdl2-2.0.4\visualc\sdl\x64\debug\k_cos.obj
d:\github\anima-engine\dependencies\sdl2-2.0.4\visualc\sdl\x64\debug\e_sqrt.obj
d:\github\anima-engine\dependencies\sdl2-2.0.4\visualc\sdl\x64\debug\e_rem_pio2.obj
d:\github\anima-engine\dependencies\sdl2-2.0.4\visualc\sdl\x64\debug\e_pow.obj
d:\github\anima-engine\dependencies\sdl2-2.0.4\visualc\sdl\x64\debug\e_log.obj
d:\github\anima-engine\dependencies\sdl2-2.0.4\visualc\sdl\x64\debug\e_atan2.obj
d:\github\anima-engine\dependencies\sdl2-2.0.4\visualc\sdl\x64\debug\sdl_d3dmath.obj
d:\github\anima-engine\dependencies\sdl2-2.0.4\visualc\sdl\x64\debug\sdl_cpuinfo.obj
d:\github\anima-engine\dependencies\sdl2-2.0.4\visualc\sdl\x64\debug\sdl_clipboardevents.obj
d:\github\anima-engine\dependencies\sdl2-2.0.4\visualc\sdl\x64\debug\sdl_clipboard.obj
d:\github\anima-engine\dependencies\sdl2-2.0.4\visualc\sdl\x64\debug\sdl_bmp.obj
d:\github\anima-engine\dependencies\sdl2-2.0.4\visualc\sdl\x64\debug\sdl_blit_slow.obj
d:\github\anima-engine\dependencies\sdl2-2.0.4\visualc\sdl\x64\debug\sdl_blit_n.obj
d:\github\anima-engine\dependencies\sdl2-2.0.4\visualc\sdl\x64\debug\sdl_blit_copy.obj
d:\github\anima-engine\dependencies\sdl2-2.0.4\visualc\sdl\x64\debug\sdl_blit_auto.obj
d:\github\anima-engine\dependencies\sdl2-2.0.4\visualc\sdl\x64\debug\sdl_blit_a.obj
d:\github\anima-engine\dependencies\sdl2-2.0.4\visualc\sdl\x64\debug\sdl_blit_1.obj
d:\github\anima-engine\dependencies\sdl2-2.0.4\visualc\sdl\x64\debug\sdl_blit_0.obj
d:\github\anima-engine\dependencies\sdl2-2.0.4\visualc\sdl\x64\debug\sdl_blit.obj
d:\github\anima-engine\dependencies\sdl2-2.0.4\visualc\sdl\x64\debug\sdl_blendpoint.obj
d:\github\anima-engine\dependencies\sdl2-2.0.4\visualc\sdl\x64\debug\sdl_blendline.obj
d:\github\anima-engine\dependencies\sdl2-2.0.4\visualc\sdl\x64\debug\sdl_blendfillrect.obj
d:\github\anima-engine\dependencies\sdl2-2.0.4\visualc\sdl\x64\debug\sdl_audiotypecvt.obj
d:\github\anima-engine\dependencies\sdl2-2.0.4\visualc\sdl\x64\debug\sdl_audiodev.obj
d:\github\anima-engine\dependencies\sdl2-2.0.4\visualc\sdl\x64\debug\sdl_audiocvt.obj
d:\github\anima-engine\dependencies\sdl2-2.0.4\visualc\sdl\x64\debug\sdl_audio.obj
d:\github\anima-engine\dependencies\sdl2-2.0.4\visualc\sdl\x64\debug\sdl_joystick.obj
d:\github\anima-engine\dependencies\sdl2-2.0.4\visualc\sdl\x64\debug\sdl_iconv.obj
d:\github\anima-engine\dependencies\sdl2-2.0.4\visualc\sdl\x64\debug\sdl_hints.obj
d:\github\anima-engine\dependencies\sdl2-2.0.4\visualc\sdl\x64\debug\sdl_haptic.obj
d:\github\anima-engine\dependencies\sdl2-2.0.4\visualc\sdl\x64\debug\sdl_getenv.obj
d:\github\anima-engine\dependencies\sdl2-2.0.4\visualc\sdl\x64\debug\sdl_gesture.obj
d:\github\anima-engine\dependencies\sdl2-2.0.4\visualc\sdl\x64\debug\sdl_gamecontroller.obj
d:\github\anima-engine\dependencies\sdl2-2.0.4\visualc\sdl\x64\debug\sdl_fillrect.obj
d:\github\anima-engine\dependencies\sdl2-2.0.4\visualc\sdl\x64\debug\sdl_events.obj
d:\github\anima-engine\dependencies\sdl2-2.0.4\visualc\sdl\x64\debug\sdl_error.obj
d:\github\anima-engine\dependencies\sdl2-2.0.4\visualc\sdl\x64\debug\sdl_egl.obj
d:\github\anima-engine\dependencies\sdl2-2.0.4\visualc\sdl\x64\debug\sdl_dynapi.obj
d:\github\anima-engine\dependencies\sdl2-2.0.4\visualc\sdl\x64\debug\sdl_dummyaudio.obj
d:\github\anima-engine\dependencies\sdl2-2.0.4\visualc\sdl\x64\debug\sdl_dropevents.obj
d:\github\anima-engine\dependencies\sdl2-2.0.4\visualc\sdl\x64\debug\sdl_drawpoint.obj
d:\github\anima-engine\dependencies\sdl2-2.0.4\visualc\sdl\x64\debug\sdl_drawline.obj
d:\github\anima-engine\dependencies\sdl2-2.0.4\visualc\sdl\x64\debug\sdl_diskaudio.obj
d:\github\anima-engine\dependencies\sdl2-2.0.4\visualc\sdl\x64\debug\sdl_directsound.obj
d:\github\anima-engine\dependencies\sdl2-2.0.4\visualc\sdl\x64\debug\sdl_dinputjoystick.obj
d:\github\anima-engine\dependencies\sdl2-2.0.4\visualc\sdl\x64\debug\sdl_dinputhaptic.obj
d:\github\anima-engine\dependencies\sdl2-2.0.4\visualc\sdl\x64\debug\sdl_render_sw.obj
d:\github\anima-engine\dependencies\sdl2-2.0.4\visualc\sdl\x64\debug\sdl_render_gles2.obj
d:\github\anima-engine\dependencies\sdl2-2.0.4\visualc\sdl\x64\debug\sdl_render_gl.obj
d:\github\anima-engine\dependencies\sdl2-2.0.4\visualc\sdl\x64\debug\sdl_render_d3d11.obj
d:\github\anima-engine\dependencies\sdl2-2.0.4\visualc\sdl\x64\debug\sdl_render_d3d.obj
d:\github\anima-engine\dependencies\sdl2-2.0.4\visualc\sdl\x64\debug\sdl_render.obj
d:\github\anima-engine\dependencies\sdl2-2.0.4\visualc\sdl\x64\debug\sdl_rect.obj
d:\github\anima-engine\dependencies\sdl2-2.0.4\visualc\sdl\x64\debug\sdl_quit.obj
d:\github\anima-engine\dependencies\sdl2-2.0.4\visualc\sdl\x64\debug\sdl_qsort.obj
d:\github\anima-engine\dependencies\sdl2-2.0.4\visualc\sdl\x64\debug\sdl_power.obj
d:\github\anima-engine\dependencies\sdl2-2.0.4\visualc\sdl\x64\debug\sdl_pixels.obj
d:\github\anima-engine\dependencies\sdl2-2.0.4\visualc\sdl\x64\debug\sdl_nullvideo.obj
d:\github\anima-engine\dependencies\sdl2-2.0.4\visualc\sdl\x64\debug\sdl_nullframebuffer.obj
d:\github\anima-engine\dependencies\sdl2-2.0.4\visualc\sdl\x64\debug\sdl_nullevents.obj
d:\github\anima-engine\dependencies\sdl2-2.0.4\visualc\sdl\x64\debug\sdl_mouse.obj
d:\github\anima-engine\dependencies\sdl2-2.0.4\visualc\sdl\x64\debug\sdl_mmjoystick.obj
d:\github\anima-engine\dependencies\sdl2-2.0.4\visualc\sdl\x64\debug\sdl_mixer.obj
d:\github\anima-engine\dependencies\sdl2-2.0.4\visualc\sdl\x64\debug\sdl_malloc.obj
d:\github\anima-engine\dependencies\sdl2-2.0.4\visualc\sdl\x64\debug\sdl_log.obj
d:\github\anima-engine\dependencies\sdl2-2.0.4\visualc\sdl\x64\debug\sdl_keyboard.obj
d:\github\anima-engine\dependencies\sdl2-2.0.4\visualc\sdl\x64\debug\sdl_systls.obj
d:\github\anima-engine\dependencies\sdl2-2.0.4\visualc\sdl\x64\debug\sdl_systimer.obj
d:\github\anima-engine\dependencies\sdl2-2.0.4\visualc\sdl\x64\debug\sdl_systhread.obj
d:\github\anima-engine\dependencies\sdl2-2.0.4\visualc\sdl\x64\debug\sdl_syssem.obj
d:\github\anima-engine\dependencies\sdl2-2.0.4\visualc\sdl\x64\debug\sdl_syspower.obj
d:\github\anima-engine\dependencies\sdl2-2.0.4\visualc\sdl\x64\debug\sdl_sysmutex.obj
d:\github\anima-engine\dependencies\sdl2-2.0.4\visualc\sdl\x64\debug\sdl_sysloadso.obj
d:\github\anima-engine\dependencies\sdl2-2.0.4\visualc\sdl\x64\debug\sdl_sysfilesystem.obj
d:\github\anima-engine\dependencies\sdl2-2.0.4\visualc\sdl\x64\debug\sdl_syscond.obj
d:\github\anima-engine\dependencies\sdl2-2.0.4\visualc\sdl\x64\debug\sdl_surface.obj
d:\github\anima-engine\dependencies\sdl2-2.0.4\visualc\sdl\x64\debug\sdl_string.obj
d:\github\anima-engine\dependencies\sdl2-2.0.4\visualc\sdl\x64\debug\sdl_stretch.obj
d:\github\anima-engine\dependencies\sdl2-2.0.4\visualc\sdl\x64\debug\sdl_stdlib.obj
d:\github\anima-engine\dependencies\sdl2-2.0.4\visualc\sdl\x64\debug\sdl_spinlock.obj
d:\github\anima-engine\dependencies\sdl2-2.0.4\visualc\sdl\x64\debug\sdl_shape.obj
d:\github\anima-engine\dependencies\sdl2-2.0.4\visualc\sdl\x64\debug\sdl_shaders_gles2.obj
d:\github\anima-engine\dependencies\sdl2-2.0.4\visualc\sdl\x64\debug\sdl_shaders_gl.obj
d:\github\anima-engine\dependencies\sdl2-2.0.4\visualc\sdl\x64\debug\sdl_rwops.obj
d:\github\anima-engine\dependencies\sdl2-2.0.4\visualc\sdl\x64\debug\sdl_rotate.obj
d:\github\anima-engine\dependencies\sdl2-2.0.4\visualc\sdl\x64\debug\sdl_rleaccel.obj
d:\github\anima-engine\dependencies\sdl2-2.0.4\visualc\sdl\x64\debug\sdl_windowsvideo.obj
d:\github\anima-engine\dependencies\sdl2-2.0.4\visualc\sdl\x64\debug\sdl_windowsshape.obj
d:\github\anima-engine\dependencies\sdl2-2.0.4\visualc\sdl\x64\debug\sdl_windowsopengles.obj
d:\github\anima-engine\dependencies\sdl2-2.0.4\visualc\sdl\x64\debug\sdl_windowsopengl.obj
d:\github\anima-engine\dependencies\sdl2-2.0.4\visualc\sdl\x64\debug\sdl_windowsmouse.obj
d:\github\anima-engine\dependencies\sdl2-2.0.4\visualc\sdl\x64\debug\sdl_windowsmodes.obj
d:\github\anima-engine\dependencies\sdl2-2.0.4\visualc\sdl\x64\debug\sdl_windowsmessagebox.obj
d:\github\anima-engine\dependencies\sdl2-2.0.4\visualc\sdl\x64\debug\sdl_windowskeyboard.obj
d:\github\anima-engine\dependencies\sdl2-2.0.4\visualc\sdl\x64\debug\sdl_windowsjoystick.obj
d:\github\anima-engine\dependencies\sdl2-2.0.4\visualc\sdl\x64\debug\sdl_windowshaptic.obj
d:\github\anima-engine\dependencies\sdl2-2.0.4\visualc\sdl\x64\debug\sdl_windowsframebuffer.obj
d:\github\anima-engine\dependencies\sdl2-2.0.4\visualc\sdl\x64\debug\sdl_windowsevents.obj
d:\github\anima-engine\dependencies\sdl2-2.0.4\visualc\sdl\x64\debug\sdl_windowsclipboard.obj
d:\github\anima-engine\dependencies\sdl2-2.0.4\visualc\sdl\x64\debug\sdl_windows.obj
d:\github\anima-engine\dependencies\sdl2-2.0.4\visualc\sdl\x64\debug\sdl_windowevents.obj
d:\github\anima-engine\dependencies\sdl2-2.0.4\visualc\sdl\x64\debug\sdl_wave.obj
d:\github\anima-engine\dependencies\sdl2-2.0.4\visualc\sdl\x64\debug\sdl_video.obj
d:\github\anima-engine\dependencies\sdl2-2.0.4\visualc\sdl\x64\debug\sdl_touch.obj
d:\github\anima-engine\dependencies\sdl2-2.0.4\visualc\sdl\x64\debug\sdl_timer.obj
d:\github\anima-engine\dependencies\sdl2-2.0.4\visualc\sdl\x64\debug\sdl_thread.obj
d:\github\anima-engine\dependencies\sdl2-2.0.4\visualc\sdl\x64\debug\sdl_yuv_sw.obj
d:\github\anima-engine\dependencies\sdl2-2.0.4\visualc\sdl\x64\debug\sdl_yuv_mmx.obj
d:\github\anima-engine\dependencies\sdl2-2.0.4\visualc\sdl\x64\debug\sdl_xinputjoystick.obj
d:\github\anima-engine\dependencies\sdl2-2.0.4\visualc\sdl\x64\debug\sdl_xinputhaptic.obj
d:\github\anima-engine\dependencies\sdl2-2.0.4\visualc\sdl\x64\debug\sdl_xinput.obj
d:\github\anima-engine\dependencies\sdl2-2.0.4\visualc\sdl\x64\debug\sdl_xaudio2.obj
d:\github\anima-engine\dependencies\sdl2-2.0.4\visualc\sdl\x64\debug\sdl_winmm.obj
d:\github\anima-engine\dependencies\sdl2-2.0.4\visualc\sdl\x64\debug\sdl_windowswindow.obj
d:\gamedev\sdl2-2.0.4\visualc\x64\debug\sdl2_d.lib
d:\github\anima-engine\dependencies\sdl2-2.0.4\visualc\x64\debug\sdl2_d.lib
d:\gamedev\sdl2-2.0.4\visualc\sdl\x64\debug\version.res
d:\github\anima-engine\dependencies\sdl2-2.0.4\visualc\sdl\x64\debug\version.res
d:\github\anima-engine\dependencies\sdl2-2.0.4\visualc\sdl\x64\debug\sdl2.tlog\cl.command.1.tlog
d:\github\anima-engine\dependencies\sdl2-2.0.4\visualc\sdl\x64\debug\sdl2.tlog\cl.read.1.tlog
d:\github\anima-engine\dependencies\sdl2-2.0.4\visualc\sdl\x64\debug\sdl2.tlog\cl.write.1.tlog
d:\github\anima-engine\dependencies\sdl2-2.0.4\visualc\sdl\x64\debug\sdl2.tlog\lib-link-cvtres.read.1.tlog
d:\github\anima-engine\dependencies\sdl2-2.0.4\visualc\sdl\x64\debug\sdl2.tlog\lib-link-cvtres.write.1.tlog
d:\github\anima-engine\dependencies\sdl2-2.0.4\visualc\sdl\x64\debug\sdl2.tlog\lib.command.1.tlog
d:\github\anima-engine\dependencies\sdl2-2.0.4\visualc\sdl\x64\debug\sdl2.tlog\rc.command.1.tlog
d:\github\anima-engine\dependencies\sdl2-2.0.4\visualc\sdl\x64\debug\sdl2.tlog\rc.read.1.tlog
d:\github\anima-engine\dependencies\sdl2-2.0.4\visualc\sdl\x64\debug\sdl2.tlog\rc.write.1.tlog
